<?xml version="1.0" encoding="UTF-8"?>
<testng-results ignored="0" total="1" passed="1" failed="0" skipped="0">
  <reporter-output>
  </reporter-output>
  <suite started-at="2024-04-26T18:26:56 IST" name="Suite" finished-at="2024-04-26T18:28:06 IST" duration-ms="69910">
    <groups>
    </groups>
    <test started-at="2024-04-26T18:26:56 IST" name="Test" finished-at="2024-04-26T18:28:06 IST" duration-ms="69910">
      <class name="CrossBrowserTesting.CrossBrowserTestingAllBrowser">
        <test-method signature="BrowserTest(java.lang.String, java.lang.String)[pri:0, instance:CrossBrowserTesting.CrossBrowserTestingAllBrowser@9353778]" started-at="2024-04-26T18:26:56 IST" name="BrowserTest" finished-at="2024-04-26T18:28:06 IST" duration-ms="69706" status="PASS">
          <params>
            <param index="0">
              <value>
                <![CDATA[chrome]]>
              </value>
            </param>
            <param index="1">
              <value>
                <![CDATA[https://www.meesho.com/]]>
              </value>
            </param>
          </params>
          <reporter-output>
          </reporter-output>
        </test-method> <!-- BrowserTest -->
      </class> <!-- CrossBrowserTesting.CrossBrowserTestingAllBrowser -->
    </test> <!-- Test -->
  </suite> <!-- Suite -->
</testng-results>
